r:\projects\100k challange\2015\source\tools\neural_network\neural_network\debug\neural_network.pch
r:\projects\100k challange\2015\source\tools\neural_network\neural_network\debug\vc120.pdb
r:\projects\100k challange\2015\source\tools\neural_network\neural_network\debug\vc120.idb
r:\projects\100k challange\2015\source\tools\neural_network\neural_network\debug\stdafx.obj
r:\projects\100k challange\2015\source\tools\neural_network\neural_network\debug\ai_math.obj
r:\projects\100k challange\2015\source\tools\neural_network\neural_network\debug\console_application.obj
r:\projects\100k challange\2015\source\tools\neural_network\neural_network\debug\main.obj
r:\projects\100k challange\2015\source\tools\neural_network\neural_network\debug\neural_network.obj
r:\projects\100k challange\2015\source\tools\neural_network\neural_network\debug\neural_network_layer.obj
r:\projects\100k challange\2015\source\tools\neural_network\neural_network\debug\static_utility.obj
r:\projects\100k challange\2015\source\tools\neural_network\neural_network\debug\test_application.obj
r:\projects\100k challange\2015\source\tools\neural_network\debug\neural_network.ilk
r:\projects\100k challange\2015\source\tools\neural_network\debug\neural_network.exe
r:\projects\100k challange\2015\source\tools\neural_network\debug\neural_network.pdb
r:\projects\100k challange\2015\source\tools\neural_network\neural_network\debug\neural_network.tlog\cl.command.1.tlog
r:\projects\100k challange\2015\source\tools\neural_network\neural_network\debug\neural_network.tlog\cl.read.1.tlog
r:\projects\100k challange\2015\source\tools\neural_network\neural_network\debug\neural_network.tlog\cl.write.1.tlog
r:\projects\100k challange\2015\source\tools\neural_network\neural_network\debug\neural_network.tlog\link.command.1.tlog
r:\projects\100k challange\2015\source\tools\neural_network\neural_network\debug\neural_network.tlog\link.read.1.tlog
r:\projects\100k challange\2015\source\tools\neural_network\neural_network\debug\neural_network.tlog\link.write.1.tlog
